# JRE version: OpenJDK Runtime Environment (8.0_242-b01) (build 1.8.0_242-release-1644-b01)
# Java VM: OpenJDK 64-Bit Server VM (25.242-b01 mixed mode windows-amd64 compressed oops)
Heap:
 PSYoungGen      total 265728K, used 123326K [0x00000000d5580000, 0x00000000ea500000, 0x0000000100000000)
  eden space 235520K, 39% used [0x00000000d5580000,0x00000000db0758b0,0x00000000e3b80000)
  from space 30208K, 99% used [0x00000000e6680000,0x00000000e83fa020,0x00000000e8400000)
  to   space 44032K, 0% used [0x00000000e3b80000,0x00000000e3b80000,0x00000000e6680000)
 ParOldGen       total 267776K, used 80378K [0x0000000080000000, 0x0000000090580000, 0x00000000d5580000)
  object space 267776K, 30% used [0x0000000080000000,0x0000000084e7e9b0,0x0000000090580000)
 Metaspace       used 73136K, capacity 80886K, committed 81152K, reserved 1118208K
  class space    used 10264K, capacity 11752K, committed 11776K, reserved 1048576K
GC Heap History (10 events):
Event: 20.301 GC heap before
{Heap before GC invocations=13 (full 2):
 PSYoungGen      total 178176K, used 71515K [0x00000000d5580000, 0x00000000e1e80000, 0x0000000100000000)
  eden space 163328K, 34% used [0x00000000d5580000,0x00000000d8cda0f0,0x00000000df500000)
  from space 14848K, 99% used [0x00000000e0780000,0x00000000e15fcb70,0x00000000e1600000)
  to   space 18944K, 0% used [0x00000000df500000,0x00000000df500000,0x00000000e0780000)
 ParOldGen       total 182784K, used 28464K [0x0000000080000000, 0x000000008b280000, 0x00000000d5580000)
  object space 182784K, 15% used [0x0000000080000000,0x0000000081bcc130,0x000000008b280000)
 Metaspace       used 56399K, capacity 59002K, committed 59096K, reserved 1099776K
  class space    used 7688K, capacity 8262K, committed 8320K, reserved 1048576K
Event: 20.351 GC heap after
Heap after GC invocations=13 (full 2):
 PSYoungGen      total 182272K, used 18932K [0x00000000d5580000, 0x00000000e5080000, 0x0000000100000000)
  eden space 163328K, 0% used [0x00000000d5580000,0x00000000d5580000,0x00000000df500000)
  from space 18944K, 99% used [0x00000000df500000,0x00000000e077d020,0x00000000e0780000)
  to   space 22016K, 0% used [0x00000000e3b00000,0x00000000e3b00000,0x00000000e5080000)
 ParOldGen       total 182784K, used 30796K [0x0000000080000000, 0x000000008b280000, 0x00000000d5580000)
  object space 182784K, 16% used [0x0000000080000000,0x0000000081e13210,0x000000008b280000)
 Metaspace       used 56399K, capacity 59002K, committed 59096K, reserved 1099776K
  class space    used 7688K, capacity 8262K, committed 8320K, reserved 1048576K
}
Event: 20.351 GC heap before
{Heap before GC invocations=14 (full 3):
 PSYoungGen      total 182272K, used 18932K [0x00000000d5580000, 0x00000000e5080000, 0x0000000100000000)
  eden space 163328K, 0% used [0x00000000d5580000,0x00000000d5580000,0x00000000df500000)
  from space 18944K, 99% used [0x00000000df500000,0x00000000e077d020,0x00000000e0780000)
  to   space 22016K, 0% used [0x00000000e3b00000,0x00000000e3b00000,0x00000000e5080000)
 ParOldGen       total 182784K, used 30796K [0x0000000080000000, 0x000000008b280000, 0x00000000d5580000)
  object space 182784K, 16% used [0x0000000080000000,0x0000000081e13210,0x000000008b280000)
 Metaspace       used 56399K, capacity 59002K, committed 59096K, reserved 1099776K
  class space    used 7688K, capacity 8262K, committed 8320K, reserved 1048576K
Event: 20.876 GC heap after
Heap after GC invocations=14 (full 3):
 PSYoungGen      total 182272K, used 0K [0x00000000d5580000, 0x00000000e5080000, 0x0000000100000000)
  eden space 163328K, 0% used [0x00000000d5580000,0x00000000d5580000,0x00000000df500000)
  from space 18944K, 0% used [0x00000000df500000,0x00000000df500000,0x00000000e0780000)
  to   space 22016K, 0% used [0x00000000e3b00000,0x00000000e3b00000,0x00000000e5080000)
 ParOldGen       total 267776K, used 39206K [0x0000000080000000, 0x0000000090580000, 0x00000000d5580000)
  object space 267776K, 14% used [0x0000000080000000,0x0000000082649b50,0x0000000090580000)
 Metaspace       used 56383K, capacity 58948K, committed 59096K, reserved 1099776K
  class space    used 7683K, capacity 8253K, committed 8320K, reserved 1048576K
}
Event: 24.513 GC heap before
{Heap before GC invocations=15 (full 3):
 PSYoungGen      total 182272K, used 163328K [0x00000000d5580000, 0x00000000e5080000, 0x0000000100000000)
  eden space 163328K, 100% used [0x00000000d5580000,0x00000000df500000,0x00000000df500000)
  from space 18944K, 0% used [0x00000000df500000,0x00000000df500000,0x00000000e0780000)
  to   space 22016K, 0% used [0x00000000e3b00000,0x00000000e3b00000,0x00000000e5080000)
 ParOldGen       total 267776K, used 39206K [0x0000000080000000, 0x0000000090580000, 0x00000000d5580000)
  object space 267776K, 14% used [0x0000000080000000,0x0000000082649b50,0x0000000090580000)
 Metaspace       used 60988K, capacity 64244K, committed 64512K, reserved 1103872K
  class space    used 8431K, capacity 9190K, committed 9216K, reserved 1048576K
Event: 24.558 GC heap after
Heap after GC invocations=15 (full 3):
 PSYoungGen      total 215552K, used 13747K [0x00000000d5580000, 0x00000000e4880000, 0x0000000100000000)
  eden space 201728K, 0% used [0x00000000d5580000,0x00000000d5580000,0x00000000e1a80000)
  from space 13824K, 99% used [0x00000000e3b00000,0x00000000e486cdb8,0x00000000e4880000)
  to   space 21504K, 0% used [0x00000000e1e80000,0x00000000e1e80000,0x00000000e3380000)
 ParOldGen       total 267776K, used 39214K [0x0000000080000000, 0x0000000090580000, 0x00000000d5580000)
  object space 267776K, 14% used [0x0000000080000000,0x000000008264bb50,0x0000000090580000)
 Metaspace       used 60988K, capacity 64244K, committed 64512K, reserved 1103872K
  class space    used 8431K, capacity 9190K, committed 9216K, reserved 1048576K
}
Event: 30.195 GC heap before
{Heap before GC invocations=16 (full 3):
 PSYoungGen      total 215552K, used 215475K [0x00000000d5580000, 0x00000000e4880000, 0x0000000100000000)
  eden space 201728K, 100% used [0x00000000d5580000,0x00000000e1a80000,0x00000000e1a80000)
  from space 13824K, 99% used [0x00000000e3b00000,0x00000000e486cdb8,0x00000000e4880000)
  to   space 21504K, 0% used [0x00000000e1e80000,0x00000000e1e80000,0x00000000e3380000)
 ParOldGen       total 267776K, used 39214K [0x0000000080000000, 0x0000000090580000, 0x00000000d5580000)
  object space 267776K, 14% used [0x0000000080000000,0x000000008264bb50,0x0000000090580000)
 Metaspace       used 64523K, capacity 69814K, committed 70016K, reserved 1110016K
  class space    used 8923K, capacity 10003K, committed 10112K, reserved 1048576K
Event: 30.329 GC heap after
Heap after GC invocations=16 (full 3):
 PSYoungGen      total 227328K, used 21500K [0x00000000d5580000, 0x00000000e8400000, 0x0000000100000000)
  eden space 205824K, 0% used [0x00000000d5580000,0x00000000d5580000,0x00000000e1e80000)
  from space 21504K, 99% used [0x00000000e1e80000,0x00000000e337f030,0x00000000e3380000)
  to   space 30208K, 0% used [0x00000000e6680000,0x00000000e6680000,0x00000000e8400000)
 ParOldGen       total 267776K, used 54677K [0x0000000080000000, 0x0000000090580000, 0x00000000d5580000)
  object space 267776K, 20% used [0x0000000080000000,0x0000000083565438,0x0000000090580000)
 Metaspace       used 64523K, capacity 69814K, committed 70016K, reserved 1110016K
  class space    used 8923K, capacity 10003K, committed 10112K, reserved 1048576K
}
Event: 36.077 GC heap before
{Heap before GC invocations=17 (full 3):
 PSYoungGen      total 227328K, used 227324K [0x00000000d5580000, 0x00000000e8400000, 0x0000000100000000)
  eden space 205824K, 100% used [0x00000000d5580000,0x00000000e1e80000,0x00000000e1e80000)
  from space 21504K, 99% used [0x00000000e1e80000,0x00000000e337f030,0x00000000e3380000)
  to   space 30208K, 0% used [0x00000000e6680000,0x00000000e6680000,0x00000000e8400000)
 ParOldGen       total 267776K, used 54677K [0x0000000080000000, 0x0000000090580000, 0x00000000d5580000)
  object space 267776K, 20% used [0x0000000080000000,0x0000000083565438,0x0000000090580000)
 Metaspace       used 70479K, capacity 77396K, committed 77568K, reserved 1116160K
  class space    used 9809K, capacity 11202K, committed 11264K, reserved 1048576K
Event: 36.219 GC heap after
Heap after GC invocations=17 (full 3):
 PSYoungGen      total 265728K, used 30184K [0x00000000d5580000, 0x00000000ea500000, 0x0000000100000000)
  eden space 235520K, 0% used [0x00000000d5580000,0x00000000d5580000,0x00000000e3b80000)
  from space 30208K, 99% used [0x00000000e6680000,0x00000000e83fa020,0x00000000e8400000)
  to   space 44032K, 0% used [0x00000000e3b80000,0x00000000e3b80000,0x00000000e6680000)
 ParOldGen       total 267776K, used 80378K [0x0000000080000000, 0x0000000090580000, 0x00000000d5580000)
  object space 267776K, 30% used [0x0000000080000000,0x0000000084e7e9b0,0x0000000090580000)
 Metaspace       used 70479K, capacity 77396K, committed 77568K, reserved 1116160K
  class space    used 9809K, capacity 11202K, committed 11264K, reserved 1048576K
}

