# JRE version: OpenJDK Runtime Environment (8.0_242-b01) (build 1.8.0_242-release-1644-b01)
# Java VM: OpenJDK 64-Bit Server VM (25.242-b01 mixed mode windows-amd64 compressed oops)
Heap:
 PSYoungGen      total 429568K, used 200248K [0x00000000d5580000, 0x00000000f7b80000, 0x0000000100000000)
  eden space 347136K, 42% used [0x00000000d5580000,0x00000000de4de050,0x00000000ea880000)
  from space 82432K, 64% used [0x00000000f0200000,0x00000000f3630390,0x00000000f5280000)
  to   space 91648K, 0% used [0x00000000ea880000,0x00000000ea880000,0x00000000f0200000)
 ParOldGen       total 463360K, used 148621K [0x0000000080000000, 0x000000009c480000, 0x00000000d5580000)
  object space 463360K, 32% used [0x0000000080000000,0x0000000089123520,0x000000009c480000)
 Metaspace       used 109181K, capacity 120007K, committed 120192K, reserved 1153024K
  class space    used 14928K, capacity 16905K, committed 17024K, reserved 1048576K
GC Heap History (10 events):
Event: 228.221 GC heap before
{Heap before GC invocations=24 (full 4):
 PSYoungGen      total 357888K, used 355641K [0x00000000d5580000, 0x00000000f2480000, 0x0000000100000000)
  eden space 289280K, 100% used [0x00000000d5580000,0x00000000e7000000,0x00000000e7000000)
  from space 68608K, 96% used [0x00000000e7000000,0x00000000eb0ce768,0x00000000eb300000)
  to   space 78336K, 0% used [0x00000000ed800000,0x00000000ed800000,0x00000000f2480000)
 ParOldGen       total 463360K, used 148605K [0x0000000080000000, 0x000000009c480000, 0x00000000d5580000)
  object space 463360K, 32% used [0x0000000080000000,0x000000008911f520,0x000000009c480000)
 Metaspace       used 104245K, capacity 114293K, committed 114432K, reserved 1146880K
  class space    used 14401K, capacity 16260K, committed 16384K, reserved 1048576K
Event: 228.350 GC heap after
Heap after GC invocations=24 (full 4):
 PSYoungGen      total 394240K, used 48059K [0x00000000d5580000, 0x00000000f2a80000, 0x0000000100000000)
  eden space 315904K, 0% used [0x00000000d5580000,0x00000000d5580000,0x00000000e8a00000)
  from space 78336K, 61% used [0x00000000ed800000,0x00000000f06eed28,0x00000000f2480000)
  to   space 79872K, 0% used [0x00000000e8a00000,0x00000000e8a00000,0x00000000ed800000)
 ParOldGen       total 463360K, used 148613K [0x0000000080000000, 0x000000009c480000, 0x00000000d5580000)
  object space 463360K, 32% used [0x0000000080000000,0x0000000089121520,0x000000009c480000)
 Metaspace       used 104245K, capacity 114293K, committed 114432K, reserved 1146880K
  class space    used 14401K, capacity 16260K, committed 16384K, reserved 1048576K
}
Event: 235.488 GC heap before
{Heap before GC invocations=25 (full 4):
 PSYoungGen      total 394240K, used 363963K [0x00000000d5580000, 0x00000000f2a80000, 0x0000000100000000)
  eden space 315904K, 100% used [0x00000000d5580000,0x00000000e8a00000,0x00000000e8a00000)
  from space 78336K, 61% used [0x00000000ed800000,0x00000000f06eed28,0x00000000f2480000)
  to   space 79872K, 0% used [0x00000000e8a00000,0x00000000e8a00000,0x00000000ed800000)
 ParOldGen       total 463360K, used 148613K [0x0000000080000000, 0x000000009c480000, 0x00000000d5580000)
  object space 463360K, 32% used [0x0000000080000000,0x0000000089121520,0x000000009c480000)
 Metaspace       used 108260K, capacity 118899K, committed 119040K, reserved 1150976K
  class space    used 14818K, capacity 16779K, committed 16896K, reserved 1048576K
Event: 235.661 GC heap after
Heap after GC invocations=25 (full 4):
 PSYoungGen      total 395776K, used 54364K [0x00000000d5580000, 0x00000000f5280000, 0x0000000100000000)
  eden space 315904K, 0% used [0x00000000d5580000,0x00000000d5580000,0x00000000e8a00000)
  from space 79872K, 68% used [0x00000000e8a00000,0x00000000ebf17270,0x00000000ed800000)
  to   space 82432K, 0% used [0x00000000f0200000,0x00000000f0200000,0x00000000f5280000)
 ParOldGen       total 463360K, used 148613K [0x0000000080000000, 0x000000009c480000, 0x00000000d5580000)
  object space 463360K, 32% used [0x0000000080000000,0x0000000089121520,0x000000009c480000)
 Metaspace       used 108260K, capacity 118899K, committed 119040K, reserved 1150976K
  class space    used 14818K, capacity 16779K, committed 16896K, reserved 1048576K
}
Event: 239.522 GC heap before
{Heap before GC invocations=26 (full 4):
 PSYoungGen      total 395776K, used 370268K [0x00000000d5580000, 0x00000000f5280000, 0x0000000100000000)
  eden space 315904K, 100% used [0x00000000d5580000,0x00000000e8a00000,0x00000000e8a00000)
  from space 79872K, 68% used [0x00000000e8a00000,0x00000000ebf17270,0x00000000ed800000)
  to   space 82432K, 0% used [0x00000000f0200000,0x00000000f0200000,0x00000000f5280000)
 ParOldGen       total 463360K, used 148613K [0x0000000080000000, 0x000000009c480000, 0x00000000d5580000)
  object space 463360K, 32% used [0x0000000080000000,0x0000000089121520,0x000000009c480000)
 Metaspace       used 108643K, capacity 119285K, committed 119552K, reserved 1153024K
  class space    used 14870K, capacity 16830K, committed 16896K, reserved 1048576K
Event: 239.913 GC heap after
Heap after GC invocations=26 (full 4):
 PSYoungGen      total 398336K, used 68433K [0x00000000d5580000, 0x00000000f5280000, 0x0000000100000000)
  eden space 315904K, 0% used [0x00000000d5580000,0x00000000d5580000,0x00000000e8a00000)
  from space 82432K, 83% used [0x00000000f0200000,0x00000000f44d45d8,0x00000000f5280000)
  to   space 79872K, 0% used [0x00000000e8a00000,0x00000000e8a00000,0x00000000ed800000)
 ParOldGen       total 463360K, used 148613K [0x0000000080000000, 0x000000009c480000, 0x00000000d5580000)
  object space 463360K, 32% used [0x0000000080000000,0x0000000089121520,0x000000009c480000)
 Metaspace       used 108643K, capacity 119285K, committed 119552K, reserved 1153024K
  class space    used 14870K, capacity 16830K, committed 16896K, reserved 1048576K
}
Event: 243.480 GC heap before
{Heap before GC invocations=27 (full 4):
 PSYoungGen      total 398336K, used 384337K [0x00000000d5580000, 0x00000000f5280000, 0x0000000100000000)
  eden space 315904K, 100% used [0x00000000d5580000,0x00000000e8a00000,0x00000000e8a00000)
  from space 82432K, 83% used [0x00000000f0200000,0x00000000f44d45d8,0x00000000f5280000)
  to   space 79872K, 0% used [0x00000000e8a00000,0x00000000e8a00000,0x00000000ed800000)
 ParOldGen       total 463360K, used 148613K [0x0000000080000000, 0x000000009c480000, 0x00000000d5580000)
  object space 463360K, 32% used [0x0000000080000000,0x0000000089121520,0x000000009c480000)
 Metaspace       used 108912K, capacity 119621K, committed 119808K, reserved 1153024K
  class space    used 14896K, capacity 16868K, committed 16896K, reserved 1048576K
Event: 243.606 GC heap after
Heap after GC invocations=27 (full 4):
 PSYoungGen      total 395776K, used 59413K [0x00000000d5580000, 0x00000000f5280000, 0x0000000100000000)
  eden space 315904K, 0% used [0x00000000d5580000,0x00000000d5580000,0x00000000e8a00000)
  from space 79872K, 74% used [0x00000000e8a00000,0x00000000ec4056c8,0x00000000ed800000)
  to   space 82432K, 0% used [0x00000000f0200000,0x00000000f0200000,0x00000000f5280000)
 ParOldGen       total 463360K, used 148613K [0x0000000080000000, 0x000000009c480000, 0x00000000d5580000)
  object space 463360K, 32% used [0x0000000080000000,0x0000000089121520,0x000000009c480000)
 Metaspace       used 108912K, capacity 119621K, committed 119808K, reserved 1153024K
  class space    used 14896K, capacity 16868K, committed 16896K, reserved 1048576K
}
Event: 246.475 GC heap before
{Heap before GC invocations=28 (full 4):
 PSYoungGen      total 395776K, used 375317K [0x00000000d5580000, 0x00000000f5280000, 0x0000000100000000)
  eden space 315904K, 100% used [0x00000000d5580000,0x00000000e8a00000,0x00000000e8a00000)
  from space 79872K, 74% used [0x00000000e8a00000,0x00000000ec4056c8,0x00000000ed800000)
  to   space 82432K, 0% used [0x00000000f0200000,0x00000000f0200000,0x00000000f5280000)
 ParOldGen       total 463360K, used 148613K [0x0000000080000000, 0x000000009c480000, 0x00000000d5580000)
  object space 463360K, 32% used [0x0000000080000000,0x0000000089121520,0x000000009c480000)
 Metaspace       used 109147K, capacity 119939K, committed 120192K, reserved 1153024K
  class space    used 14928K, capacity 16905K, committed 17024K, reserved 1048576K
Event: 246.557 GC heap after
Heap after GC invocations=28 (full 4):
 PSYoungGen      total 429568K, used 53440K [0x00000000d5580000, 0x00000000f7b80000, 0x0000000100000000)
  eden space 347136K, 0% used [0x00000000d5580000,0x00000000d5580000,0x00000000ea880000)
  from space 82432K, 64% used [0x00000000f0200000,0x00000000f3630390,0x00000000f5280000)
  to   space 91648K, 0% used [0x00000000ea880000,0x00000000ea880000,0x00000000f0200000)
 ParOldGen       total 463360K, used 148621K [0x0000000080000000, 0x000000009c480000, 0x00000000d5580000)
  object space 463360K, 32% used [0x0000000080000000,0x0000000089123520,0x000000009c480000)
 Metaspace       used 109147K, capacity 119939K, committed 120192K, reserved 1153024K
  class space    used 14928K, capacity 16905K, committed 17024K, reserved 1048576K
}

